<?xml version="1.0" encoding="UTF-8"?>
<!-- Generated by org.testng.reporters.JUnitXMLReporter -->
<testsuite ignored="0" hostname="AliErdem" failures="0" tests="3" name="Default test" time="78.712" errors="0" timestamp="2019-10-03T10:02:20 MSK">
  <testcase classname="automation.TestMethods" name="signUp" time="18.574"/>
  <testcase classname="automation.TestMethods" name="login" time="12.972"/>
  <testcase classname="automation.TestMethods" name="proceedToCheckout" time="29.566"/>
</testsuite> <!-- Default test -->
