<?xml version="1.0" encoding="UTF-8"?>
<testng-results ignored="0" total="3" passed="3" failed="0" skipped="0">
  <reporter-output>
    <line>
      <![CDATA[### Browser Session START ###]]>
    </line>
    <line>
      <![CDATA[----Application Start----]]>
    </line>
    <line>
      <![CDATA[### Browser Session END ###]]>
    </line>
    <line>
      <![CDATA[### Browser Session START ###]]>
    </line>
    <line>
      <![CDATA[----Application Start----]]>
    </line>
    <line>
      <![CDATA[### Browser Session END ###]]>
    </line>
    <line>
      <![CDATA[### Browser Session START ###]]>
    </line>
    <line>
      <![CDATA[----Application Start----]]>
    </line>
    <line>
      <![CDATA[### Browser Session END ###]]>
    </line>
  </reporter-output>
  <suite started-at="2019-10-03T10:01:01 MSK" name="Default suite" finished-at="2019-10-03T10:02:20 MSK" duration-ms="78712">
    <groups>
    </groups>
    <test started-at="2019-10-03T10:01:01 MSK" name="Default test" finished-at="2019-10-03T10:02:20 MSK" duration-ms="78712">
      <class name="automation.TestMethods">
        <test-method is-config="true" signature="setupApplication()[pri:0, instance:automation.TestMethods@38c5cc4c]" started-at="2019-10-03T10:01:01 MSK" name="setupApplication" finished-at="2019-10-03T10:01:07 MSK" duration-ms="5413" status="PASS">
          <reporter-output>
            <line>
              <![CDATA[### Browser Session START ###]]>
            </line>
            <line>
              <![CDATA[----Application Start----]]>
            </line>
          </reporter-output>
        </test-method> <!-- setupApplication -->
        <test-method signature="signUp()[pri:0, instance:automation.TestMethods@38c5cc4c]" started-at="2019-10-03T10:01:07 MSK" name="signUp" finished-at="2019-10-03T10:01:25 MSK" duration-ms="18574" status="PASS">
          <reporter-output>
          </reporter-output>
        </test-method> <!-- signUp -->
        <test-method is-config="true" signature="closeApplication()[pri:0, instance:automation.TestMethods@38c5cc4c]" started-at="2019-10-03T10:01:25 MSK" name="closeApplication" finished-at="2019-10-03T10:01:26 MSK" duration-ms="1206" status="PASS">
          <reporter-output>
            <line>
              <![CDATA[### Browser Session END ###]]>
            </line>
          </reporter-output>
        </test-method> <!-- closeApplication -->
        <test-method is-config="true" signature="setupApplication()[pri:0, instance:automation.TestMethods@38c5cc4c]" started-at="2019-10-03T10:01:26 MSK" name="setupApplication" finished-at="2019-10-03T10:01:31 MSK" duration-ms="4177" status="PASS">
          <reporter-output>
            <line>
              <![CDATA[### Browser Session START ###]]>
            </line>
            <line>
              <![CDATA[----Application Start----]]>
            </line>
          </reporter-output>
        </test-method> <!-- setupApplication -->
        <test-method signature="login()[pri:1, instance:automation.TestMethods@38c5cc4c]" started-at="2019-10-03T10:01:31 MSK" name="login" finished-at="2019-10-03T10:01:44 MSK" duration-ms="12972" status="PASS">
          <reporter-output>
          </reporter-output>
        </test-method> <!-- login -->
        <test-method is-config="true" signature="closeApplication()[pri:0, instance:automation.TestMethods@38c5cc4c]" started-at="2019-10-03T10:01:44 MSK" name="closeApplication" finished-at="2019-10-03T10:01:45 MSK" duration-ms="1243" status="PASS">
          <reporter-output>
            <line>
              <![CDATA[### Browser Session END ###]]>
            </line>
          </reporter-output>
        </test-method> <!-- closeApplication -->
        <test-method is-config="true" signature="setupApplication()[pri:0, instance:automation.TestMethods@38c5cc4c]" started-at="2019-10-03T10:01:45 MSK" name="setupApplication" finished-at="2019-10-03T10:01:49 MSK" duration-ms="4186" status="PASS">
          <reporter-output>
            <line>
              <![CDATA[### Browser Session START ###]]>
            </line>
            <line>
              <![CDATA[----Application Start----]]>
            </line>
          </reporter-output>
        </test-method> <!-- setupApplication -->
        <test-method signature="proceedToCheckout()[pri:2, instance:automation.TestMethods@38c5cc4c]" started-at="2019-10-03T10:01:49 MSK" name="proceedToCheckout" finished-at="2019-10-03T10:02:19 MSK" duration-ms="29566" status="PASS">
          <reporter-output>
          </reporter-output>
        </test-method> <!-- proceedToCheckout -->
        <test-method is-config="true" signature="closeApplication()[pri:0, instance:automation.TestMethods@38c5cc4c]" started-at="2019-10-03T10:02:19 MSK" name="closeApplication" finished-at="2019-10-03T10:02:20 MSK" duration-ms="1262" status="PASS">
          <reporter-output>
            <line>
              <![CDATA[### Browser Session END ###]]>
            </line>
          </reporter-output>
        </test-method> <!-- closeApplication -->
      </class> <!-- automation.TestMethods -->
    </test> <!-- Default test -->
  </suite> <!-- Default suite -->
</testng-results>
